PACKAGES:

/packages/testing/any/amd-ucode/
/packages/testing/x86_64/binutils/
/packages/testing/x86_64/ell/
/packages/testing/x86_64/gcc/
/packages/testing/x86_64/gcc-ada/
/packages/testing/x86_64/gcc-d/
/packages/testing/x86_64/gcc-fortran/
/packages/testing/x86_64/gcc-go/
/packages/testing/x86_64/gcc-libs/
/packages/testing/x86_64/gcc-objc/
/packages/testing/x86_64/gdb/
/packages/testing/x86_64/gdb-common/
/packages/testing/x86_64/glib2/
/packages/testing/x86_64/glib2-docs/
/packages/testing/x86_64/glibc/
/packages/testing/x86_64/gmp/
/packages/testing/x86_64/java11-openjfx/
/packages/testing/x86_64/java11-openjfx-doc/
/packages/testing/x86_64/java11-openjfx-src/
/packages/testing/x86_64/ldb/
/packages/testing/x86_64/lib32-gcc-libs/
/packages/testing/x86_64/lib32-glibc/
/packages/testing/x86_64/libcap/
/packages/testing/x86_64/libgpg-error/
/packages/testing/x86_64/libinput/
/packages/testing/x86_64/libldap/
/packages/testing/x86_64/libtool/
/packages/testing/x86_64/libwbclient/
/packages/testing/x86_64/linux/
/packages/testing/any/linux-api-headers/
/packages/testing/x86_64/linux-docs/
/packages/testing/any/linux-firmware/
/packages/testing/x86_64/linux-hardened/
/packages/testing/x86_64/linux-hardened-docs/
/packages/testing/x86_64/linux-hardened-headers/
/packages/testing/x86_64/linux-headers/
/packages/testing/x86_64/linux-lts/
/packages/testing/x86_64/linux-lts-docs/
/packages/testing/x86_64/linux-lts-headers/
/packages/testing/x86_64/linux-zen/
/packages/testing/x86_64/linux-zen-docs/
/packages/testing/x86_64/linux-zen-headers/
/packages/testing/any/man-pages/
/packages/testing/x86_64/nano/
/packages/testing/x86_64/ncurses/
/packages/testing/x86_64/nfsidmap/
/packages/testing/x86_64/nfs-utils/
/packages/testing/x86_64/nvidia/
/packages/testing/x86_64/nvidia-390xx/
/packages/testing/x86_64/nvidia-390xx-dkms/
/packages/testing/x86_64/nvidia-390xx-lts/
/packages/testing/x86_64/nvidia-dkms/
/packages/testing/x86_64/nvidia-lts/
/packages/testing/x86_64/openldap/
/packages/testing/x86_64/openssh/
/packages/testing/any/perl-alien-build/
/packages/testing/x86_64/python2-cffi/
/packages/testing/x86_64/python2-lxml/
/packages/testing/any/python2-packaging/
/packages/testing/any/python2-setuptools/
/packages/testing/x86_64/python-cffi/
/packages/testing/x86_64/python-lxml/
/packages/testing/x86_64/python-lxml-docs/
/packages/testing/any/python-packaging/
/packages/testing/any/python-setuptools/
/packages/testing/x86_64/samba/
/packages/testing/x86_64/smbclient/
/packages/testing/x86_64/spirv-tools/
/packages/testing/x86_64/tdb/
/packages/testing/x86_64/tevent/
/packages/testing/x86_64/wireguard-arch/
/packages/testing/x86_64/wireguard-lts/
/packages/testing/x86_64/zabbix-agent/
/packages/testing/x86_64/zabbix-agent2/
/packages/testing/x86_64/zabbix-frontend-php/
/packages/testing/x86_64/zabbix-proxy/
/packages/testing/x86_64/zabbix-server/
